Arguments: 
  G:\node\node.exe C:\Users\Administrator.PC-20171130RRSF\AppData\Roaming\npm\node_modules\yarn\bin\yarn.js start

PATH: 
  C:\windows\system32;C:\windows;C:\windows\System32\Wbem;C:\windows\System32\WindowsPowerShell\v1.0\;D:\Git\cmd;G:\node\;E:\TSVN\bin;E:\SVN\bin;;C:\Program Files\Microsoft VS Code\bin;C:\Users\Administrator.PC-20171130RRSF\AppData\Roaming\npm

Yarn version: 
  1.5.1

Node version: 
  8.9.3

Platform: 
  win32 x64

npm manifest: 
  {
    "name": "nodejsproject",
    "version": "0.0.0",
    "private": true,
    "scripts": {
      "start": "node ./bin/www"
    },
    "dependencies": {
      "body-parser": "~1.18.2",
      "cookie-parser": "~1.4.3",
      "debug": "~2.6.9",
      "ejs": "~2.5.7",
      "express": "~4.15.5",
      "morgan": "~1.9.0",
      "serve-favicon": "~2.4.5"
    }
  }

yarn manifest: 
  No manifest

Lockfile: 
  No lockfile

Trace: 
  Error: Command failed.
  Exit code: 1
  Command: C:\windows\system32\cmd.exe
  Arguments: /d /s /c node ./bin/www
  Directory: k:\FirstRepository\nodejsProject
  Output:
  
      at ProcessTermError.MessageError (C:\Users\Administrator.PC-20171130RRSF\AppData\Roaming\npm\node_modules\yarn\lib\cli.js:186:110)
      at new ProcessTermError (C:\Users\Administrator.PC-20171130RRSF\AppData\Roaming\npm\node_modules\yarn\lib\cli.js:226:113)
      at ChildProcess.<anonymous> (C:\Users\Administrator.PC-20171130RRSF\AppData\Roaming\npm\node_modules\yarn\lib\cli.js:30281:17)
      at emitTwo (events.js:126:13)
      at ChildProcess.emit (events.js:214:7)
      at maybeClose (internal/child_process.js:925:16)
      at Process.ChildProcess._handle.onexit (internal/child_process.js:209:5)
